{
  "category": "Uncategorized",
  "description": " => => extracting sha256:140d16322bf108b2991aa4c4ad3d1526a775c13611f553f3ab2e7fdb770d1d07                                                                                                     0.0s\n => [backend internal] load build context                                                                                                                                                     0.3s\n => => transferring context: 40.62kB                                                                                                                                                          0.2s\n => [frontend builder 3/6] COPY package.json ./                                                                                                                                               0.1s\n => [frontend builder 4/6] RUN npm install                                                                                                                                                   12.1s\n => CANCELED [backend 2/7] RUN apt-get update && apt-get install -y --no-install-recommends     ffmpeg     && rm -rf /var/lib/apt/lists/*                                                    10.5s\n => [frontend stage-1 2/3] COPY nginx.conf /etc/nginx/conf.d/default.conf                                                                                                                     0.4s\n => [frontend builder 5/6] COPY . .                                                                                                                                                           0.0s\n => ERROR [frontend builder 6/6] RUN npm run build                                                                                                                                            1.2s\n------\n > [frontend builder 6/6] RUN npm run build:\n0.201 \n0.201 > wololo-converter-frontend@1.0.0 build\n0.201 > tsc && vite build\n0.201 \n1.101 src/App.tsx(1,8): error TS6133: 'React' is declared but its value is never read.\n------\n[+] up 0/2\n ⠙ Image wololo-converter-frontend Building                                                                                                                                                  18.5s \n ⠙ Image wololo-converter-backend  Building                                                                                                                                                  18.5s \nDockerfile:18\n\n--------------------\n\n  16 |     \n\n  17 |     # Build the application\n\n  18 | >>> RUN npm run build\n\n  19 |     \n\n  20 |     # Production stage\n\n--------------------\n\ntarget frontend: failed to solve: process \"/bin/sh -c npm run build\" did not complete successfully: exit code: 2\n",
  "title": "Remove unused React import",
  "images": [],
  "imagePaths": [],
  "textFilePaths": [],
  "skipTests": true,
  "model": "opus",
  "thinkingLevel": "none",
  "reasoningEffort": "none",
  "priority": 2,
  "planningMode": "skip",
  "requirePlanApproval": false,
  "dependencies": [],
  "workMode": "current",
  "titleGenerating": false,
  "status": "verified",
  "id": "feature-1768658539014-e83k5vzqb",
  "descriptionHistory": [
    {
      "description": " => => extracting sha256:140d16322bf108b2991aa4c4ad3d1526a775c13611f553f3ab2e7fdb770d1d07                                                                                                     0.0s\n => [backend internal] load build context                                                                                                                                                     0.3s\n => => transferring context: 40.62kB                                                                                                                                                          0.2s\n => [frontend builder 3/6] COPY package.json ./                                                                                                                                               0.1s\n => [frontend builder 4/6] RUN npm install                                                                                                                                                   12.1s\n => CANCELED [backend 2/7] RUN apt-get update && apt-get install -y --no-install-recommends     ffmpeg     && rm -rf /var/lib/apt/lists/*                                                    10.5s\n => [frontend stage-1 2/3] COPY nginx.conf /etc/nginx/conf.d/default.conf                                                                                                                     0.4s\n => [frontend builder 5/6] COPY . .                                                                                                                                                           0.0s\n => ERROR [frontend builder 6/6] RUN npm run build                                                                                                                                            1.2s\n------\n > [frontend builder 6/6] RUN npm run build:\n0.201 \n0.201 > wololo-converter-frontend@1.0.0 build\n0.201 > tsc && vite build\n0.201 \n1.101 src/App.tsx(1,8): error TS6133: 'React' is declared but its value is never read.\n------\n[+] up 0/2\n ⠙ Image wololo-converter-frontend Building                                                                                                                                                  18.5s \n ⠙ Image wololo-converter-backend  Building                                                                                                                                                  18.5s \nDockerfile:18\n\n--------------------\n\n  16 |     \n\n  17 |     # Build the application\n\n  18 | >>> RUN npm run build\n\n  19 |     \n\n  20 |     # Production stage\n\n--------------------\n\ntarget frontend: failed to solve: process \"/bin/sh -c npm run build\" did not complete successfully: exit code: 2\n",
      "timestamp": "2026-01-17T14:02:19.098Z",
      "source": "initial"
    }
  ],
  "startedAt": "2026-01-17T14:02:20.183Z",
  "updatedAt": "2026-01-17T14:04:06.217Z",
  "justFinishedAt": "2026-01-17T14:04:06.217Z"
}